Using pre-set license

 COMMAND LINE ARGUMENTS:
/Applications/Unity/Unity.app/Contents/MacOS/Unity
-adb2
-batchMode
-noUpm
-name
AssetImportWorker0
-projectPath
/Users/liliazeltakova/UnityProjects/OTUS_UnityPro/UnityProHW_6/UnityProHW_6
-logFile
Logs/AssetImportWorker0.log
-srvPort
52651
Successfully changed project path to: /Users/liliazeltakova/UnityProjects/OTUS_UnityPro/UnityProHW_6/UnityProHW_6
/Users/liliazeltakova/UnityProjects/OTUS_UnityPro/UnityProHW_6/UnityProHW_6
Using Asset Import Pipeline V2.
Refreshing native plugins compatible for Editor in 54.72 ms, found 3 plugins.
Preloading 0 native plugins for Editor in 0.00 ms.
Initialize engine version: 2020.3.10f1 (297d780c91bc)
[Subsystems] Discovering subsystems at path /Applications/Unity/Unity.app/Contents/Resources/UnitySubsystems
[Subsystems] Discovering subsystems at path /Users/liliazeltakova/UnityProjects/OTUS_UnityPro/UnityProHW_6/UnityProHW_6/Assets
GfxDevice: creating device client; threaded=0
2022-07-18 18:45:03.286 Unity[36411:2387189] Color LCD preferred device: Intel(R) Iris(TM) Plus Graphics 655 (low power)
2022-07-18 18:45:03.286 Unity[36411:2387189] Metal devices available: 1
2022-07-18 18:45:03.286 Unity[36411:2387189] 0: Intel(R) Iris(TM) Plus Graphics 655 (low power)
2022-07-18 18:45:03.287 Unity[36411:2387189] Using device Intel(R) Iris(TM) Plus Graphics 655 (low power)
Initializing Metal device caps: Intel(R) Iris(TM) Plus Graphics 655
Initialize mono
Mono path[0] = '/Applications/Unity/Unity.app/Contents/Managed'
Mono path[1] = '/Applications/Unity/Unity.app/Contents/MonoBleedingEdge/lib/mono/unityjit'
Mono config path = '/Applications/Unity/Unity.app/Contents/MonoBleedingEdge/etc'
Using monoOptions --debugger-agent=transport=dt_socket,embedding=1,server=y,suspend=n,address=127.0.0.1:56411
Begin MonoManager ReloadAssembly
Registering precompiled unity dll's ...
Register platform support module: /Applications/Unity/Unity.app/Contents/PlaybackEngines/MacStandaloneSupport/UnityEditor.OSXStandalone.Extensions.dll
Registered in 0.001917 seconds.
Native extension for OSXStandalone target not found
Refreshing native plugins compatible for Editor in 57.86 ms, found 3 plugins.
Preloading 0 native plugins for Editor in 0.00 ms.
Mono: successfully reloaded assembly
- Completed reload, in  2.661 seconds
Platform modules already initialized, skipping
Registering precompiled user dll's ...
Registered in 0.013205 seconds.
Begin MonoManager ReloadAssembly
Native extension for OSXStandalone target not found
Refreshing native plugins compatible for Editor in 49.35 ms, found 3 plugins.
Preloading 0 native plugins for Editor in 0.00 ms.
Mono: successfully reloaded assembly
- Completed reload, in  1.486 seconds
Platform modules already initialized, skipping
========================================================================
Worker process is ready to serve import requests
Launching external process: /Applications/Unity/Unity.app/Contents/Tools/UnityShaderCompiler
Launched and connected shader compiler UnityShaderCompiler after 0.01 seconds
Refreshing native plugins compatible for Editor in 0.53 ms, found 3 plugins.
Preloading 0 native plugins for Editor in 0.00 ms.
Unloading 2092 Unused Serialized files (Serialized files now loaded: 0)
System memory in use before: 168.4 MB.
System memory in use after: 168.4 MB.

Unloading 33 unused Assets to reduce memory usage. Loaded Objects now: 2525.
Total: 2.831531 ms (FindLiveObjects: 0.566705 ms CreateObjectMapping: 0.135415 ms MarkObjects: 1.986483 ms  DeleteObjects: 0.141873 ms)

========================================================================
Received Import Request.
  path: Assets/FoxSprites
  artifactKey: Guid(c38f07c49aff74810b5ee46bc2a90197) Importer(815301076,1909f56bfc062723c751e8b465ee728b)
Start importing Assets/FoxSprites using Guid(c38f07c49aff74810b5ee46bc2a90197) Importer(815301076,1909f56bfc062723c751e8b465ee728b)  -> (artifact id: 'd594527625960ffdd10beef597f7bce3') in 0.005225 seconds
  Import took 0.010027 seconds .

========================================================================
Received Prepare
Registering precompiled user dll's ...
Registered in 0.001827 seconds.
Begin MonoManager ReloadAssembly
Native extension for OSXStandalone target not found
Refreshing native plugins compatible for Editor in 0.54 ms, found 3 plugins.
Preloading 0 native plugins for Editor in 0.00 ms.
Mono: successfully reloaded assembly
- Completed reload, in  1.219 seconds
Platform modules already initialized, skipping
Refreshing native plugins compatible for Editor in 0.54 ms, found 3 plugins.
Preloading 0 native plugins for Editor in 0.00 ms.
Unloading 2087 Unused Serialized files (Serialized files now loaded: 0)
System memory in use before: 168.6 MB.
System memory in use after: 168.6 MB.

Unloading 21 unused Assets to reduce memory usage. Loaded Objects now: 2529.
Total: 2.434067 ms (FindLiveObjects: 0.278435 ms CreateObjectMapping: 0.084879 ms MarkObjects: 1.962014 ms  DeleteObjects: 0.107735 ms)

AssetImportWorkerClient::OnTransportError - code=2 error=End of file
